Line 14: Class MSDataGridLib.DataGrid of control DataGrid1 was not a loaded control class.
Line 79: Class MSAdodcLib.Adodc of control Adodc1 was not a loaded control class.
Line 15: The property name Bindings in DataGrid1 is invalid.
Line 21: The property name _ExtentX in DataGrid1 is invalid.
Line 22: The property name _ExtentY in DataGrid1 is invalid.
Line 23: The property name _Version in DataGrid1 is invalid.
Line 24: The property name HeadLines in DataGrid1 is invalid.
Line 25: The property name RowHeight in DataGrid1 is invalid.
Line 34: The property name HeadFont in DataGrid1 is invalid.
Line 44: The property name ColumnCount in DataGrid1 is invalid.
Line 57: The property name Column00 in DataGrid1 is invalid.
Line 70: The property name Column01 in DataGrid1 is invalid.
Line 71: The property name SplitCount in DataGrid1 is invalid.
Line 77: The property name Split0 in DataGrid1 is invalid.
Line 84: The property name _ExtentX in Adodc1 is invalid.
Line 85: The property name _ExtentY in Adodc1 is invalid.
Line 86: The property name ConnectMode in Adodc1 is invalid.
Line 87: The property name CursorLocation in Adodc1 is invalid.
Line 88: The property name IsolationLevel in Adodc1 is invalid.
Line 89: The property name ConnectionTimeout in Adodc1 is invalid.
Line 90: The property name CommandTimeout in Adodc1 is invalid.
Line 91: The property name CursorType in Adodc1 is invalid.
Line 92: The property name LockType in Adodc1 is invalid.
Line 93: The property name CommandType in Adodc1 is invalid.
Line 94: The property name CursorOptions in Adodc1 is invalid.
Line 95: The property name CacheSize in Adodc1 is invalid.
Line 96: The property name MaxRecords in Adodc1 is invalid.
Line 97: The property name BOFAction in Adodc1 is invalid.
Line 98: The property name EOFAction in Adodc1 is invalid.
Line 99: The property name ConnectStringType in Adodc1 is invalid.
Line 103: The property name Orientation in Adodc1 is invalid.
Line 105: The property name Connect in Adodc1 is invalid.
Line 106: The property name OLEDBString in Adodc1 is invalid.
Line 107: The property name OLEDBFile in Adodc1 is invalid.
Line 108: The property name DataSourceName in Adodc1 is invalid.
Line 109: The property name OtherAttributes in Adodc1 is invalid.
Line 110: The property name UserName in Adodc1 is invalid.
Line 111: The property name Password in Adodc1 is invalid.
Line 112: The property name RecordSource in Adodc1 is invalid.
Line 113: The property name Caption in Adodc1 is invalid.
Line 123: The property name _Version in Adodc1 is invalid.
